<?xml version="1.0" encoding="UTF-8"?>
<Site BuildName="(empty)"
	BuildStamp="20240205-0811-Experimental"
	Name="tomas-Z170-HD3P"
	Generator="ctest-3.10.2"
	CompilerName="/usr/bin/g++-11"
	CompilerVersion="11.4.0"
	OSName="Linux"
	Hostname="tomas-Z170-HD3P"
	OSRelease="5.4.0-150-generic"
	OSVersion="#167~18.04.1-Ubuntu SMP Wed May 24 00:51:42 UTC 2023"
	OSPlatform="x86_64"
	Is64Bits="1"
	VendorString="GenuineIntel"
	VendorID="Intel Corporation"
	FamilyID="6"
	ModelID="94"
	ProcessorCacheSize="8192"
	NumberOfLogicalCPU="8"
	NumberOfPhysicalCPU="4"
	TotalVirtualMemory="2047"
	TotalPhysicalMemory="15891"
	LogicalProcessorsPerPhysical="2"
	ProcessorClockFrequency="3849.58"
	>
	<Testing>
		<StartDateTime>Feb 05 10:28 CET</StartDateTime>
		<StartTestTime>1707125313</StartTestTime>
		<TestList/>
		<EndDateTime>Feb 05 10:28 CET</EndDateTime>
		<EndTestTime>1707125313</EndTestTime>
		<ElapsedMinutes>0</ElapsedMinutes>
	</Testing>
</Site>
